{"/home/gustavo/Documents/leet_code/src/problems/1_Two_Sum.ts": {"path":"/home/gustavo/Documents/leet_code/src/problems/1_Two_Sum.ts","statementMap":{"0":{"start":{"line":11,"column":27},"end":{"line":11,"column":32}},"1":{"start":{"line":12,"column":4},"end":{"line":18,"column":5}},"2":{"start":{"line":12,"column":17},"end":{"line":12,"column":18}},"3":{"start":{"line":13,"column":8},"end":{"line":17,"column":9}},"4":{"start":{"line":13,"column":21},"end":{"line":13,"column":22}},"5":{"start":{"line":14,"column":12},"end":{"line":16,"column":13}},"6":{"start":{"line":15,"column":16},"end":{"line":15,"column":31}},"7":{"start":{"line":19,"column":4},"end":{"line":19,"column":17}}},"fnMap":{"0":{"name":"twoSum","decl":{"start":{"line":10,"column":9},"end":{"line":10,"column":15}},"loc":{"start":{"line":10,"column":58},"end":{"line":20,"column":1}},"line":10}},"branchMap":{"0":{"loc":{"start":{"line":13,"column":24},"end":{"line":13,"column":49}},"type":"binary-expr","locations":[{"start":{"line":13,"column":24},"end":{"line":13,"column":39}},{"start":{"line":13,"column":43},"end":{"line":13,"column":49}}],"line":13},"1":{"loc":{"start":{"line":14,"column":12},"end":{"line":16,"column":13}},"type":"if","locations":[{"start":{"line":14,"column":12},"end":{"line":16,"column":13}},{"start":{},"end":{}}],"line":14}},"s":{"0":3,"1":3,"2":3,"3":9,"4":9,"5":10,"6":3,"7":3},"f":{"0":3},"b":{"0":[19,19],"1":[3,7]},"_coverageSchema":"1a1c01bbd47fc00a2c39e90264f33305004495a9","hash":"7f4b8b00fddb0cc5482c2a0d67521b3aa7174f40"}
,"/home/gustavo/Documents/leet_code/src/problems/2_Add_Two_Numbers.ts": {"path":"/home/gustavo/Documents/leet_code/src/problems/2_Add_Two_Numbers.ts","statementMap":{"0":{"start":{"line":15,"column":8},"end":{"line":15,"column":48}},"1":{"start":{"line":16,"column":8},"end":{"line":16,"column":54}},"2":{"start":{"line":20,"column":4},"end":{"line":22,"column":5}},"3":{"start":{"line":21,"column":8},"end":{"line":21,"column":25}},"4":{"start":{"line":23,"column":4},"end":{"line":23,"column":35}},"5":{"start":{"line":24,"column":4},"end":{"line":24,"column":45}},"6":{"start":{"line":25,"column":4},"end":{"line":25,"column":21}},"7":{"start":{"line":28,"column":4},"end":{"line":30,"column":5}},"8":{"start":{"line":28,"column":17},"end":{"line":28,"column":31}},"9":{"start":{"line":29,"column":8},"end":{"line":29,"column":43}},"10":{"start":{"line":31,"column":4},"end":{"line":31,"column":51}},"11":{"start":{"line":32,"column":4},"end":{"line":32,"column":24}},"12":{"start":{"line":35,"column":34},"end":{"line":35,"column":83}},"13":{"start":{"line":36,"column":4},"end":{"line":36,"column":30}},"14":{"start":{"line":37,"column":4},"end":{"line":39,"column":5}},"15":{"start":{"line":37,"column":17},"end":{"line":37,"column":34}},"16":{"start":{"line":38,"column":8},"end":{"line":38,"column":52}},"17":{"start":{"line":40,"column":4},"end":{"line":40,"column":63}},"18":{"start":{"line":41,"column":15},"end":{"line":41,"column":67}},"19":{"start":{"line":42,"column":17},"end":{"line":42,"column":21}},"20":{"start":{"line":43,"column":4},"end":{"line":46,"column":5}},"21":{"start":{"line":43,"column":17},"end":{"line":43,"column":18}},"22":{"start":{"line":44,"column":8},"end":{"line":44,"column":78}},"23":{"start":{"line":45,"column":8},"end":{"line":45,"column":28}},"24":{"start":{"line":47,"column":4},"end":{"line":47,"column":15}}},"fnMap":{"0":{"name":"(anonymous_0)","decl":{"start":{"line":14,"column":4},"end":{"line":14,"column":5}},"loc":{"start":{"line":14,"column":54},"end":{"line":17,"column":5}},"line":14},"1":{"name":"recurse","decl":{"start":{"line":19,"column":9},"end":{"line":19,"column":16}},"loc":{"start":{"line":19,"column":66},"end":{"line":26,"column":1}},"line":19},"2":{"name":"invert","decl":{"start":{"line":27,"column":9},"end":{"line":27,"column":15}},"loc":{"start":{"line":27,"column":37},"end":{"line":33,"column":1}},"line":27},"3":{"name":"addTwoNumbers","decl":{"start":{"line":34,"column":9},"end":{"line":34,"column":22}},"loc":{"start":{"line":34,"column":82},"end":{"line":48,"column":1}},"line":34}},"branchMap":{"0":{"loc":{"start":{"line":15,"column":20},"end":{"line":15,"column":47}},"type":"cond-expr","locations":[{"start":{"line":15,"column":40},"end":{"line":15,"column":41}},{"start":{"line":15,"column":44},"end":{"line":15,"column":47}}],"line":15},"1":{"loc":{"start":{"line":16,"column":21},"end":{"line":16,"column":53}},"type":"cond-expr","locations":[{"start":{"line":16,"column":42},"end":{"line":16,"column":46}},{"start":{"line":16,"column":49},"end":{"line":16,"column":53}}],"line":16},"2":{"loc":{"start":{"line":20,"column":4},"end":{"line":22,"column":5}},"type":"if","locations":[{"start":{"line":20,"column":4},"end":{"line":22,"column":5}},{"start":{},"end":{}}],"line":20}},"s":{"0":17,"1":17,"2":61,"3":8,"4":53,"5":53,"6":53,"7":8,"8":8,"9":53,"10":8,"11":8,"12":4,"13":4,"14":4,"15":4,"16":17,"17":4,"18":4,"19":4,"20":4,"21":4,"22":13,"23":13,"24":4},"f":{"0":17,"1":61,"2":8,"3":4},"b":{"0":[0,17],"1":[0,17],"2":[8,53]},"_coverageSchema":"1a1c01bbd47fc00a2c39e90264f33305004495a9","hash":"012b274e6c933daf16e0c49ab29d92cedda9f128"}
}
