TN:
SF:src/problems/1_Two_Sum.ts
FN:10,twoSum
FNF:1
FNH:1
FNDA:3,twoSum
DA:11,3
DA:12,3
DA:13,9
DA:14,10
DA:15,3
DA:19,3
LF:6
LH:6
BRDA:13,0,0,19
BRDA:13,0,1,19
BRDA:14,1,0,3
BRDA:14,1,1,7
BRF:4
BRH:4
end_of_record
TN:
SF:src/problems/2_Add_Two_Numbers.ts
FN:14,(anonymous_0)
FN:19,recurse
FN:27,invert
FN:34,addTwoNumbers
FNF:4
FNH:4
FNDA:17,(anonymous_0)
FNDA:61,recurse
FNDA:8,invert
FNDA:4,addTwoNumbers
DA:15,17
DA:16,17
DA:20,61
DA:21,8
DA:23,53
DA:24,53
DA:25,53
DA:28,8
DA:29,53
DA:31,8
DA:32,8
DA:35,4
DA:36,4
DA:37,4
DA:38,17
DA:40,4
DA:41,4
DA:42,4
DA:43,4
DA:44,13
DA:45,13
DA:47,4
LF:22
LH:22
BRDA:15,0,0,0
BRDA:15,0,1,17
BRDA:16,1,0,0
BRDA:16,1,1,17
BRDA:20,2,0,8
BRDA:20,2,1,53
BRF:6
BRH:4
end_of_record
